<?xml version="1.0" encoding="UTF-8"?>
<!-- Generated by org.testng.reporters.JUnitXMLReporter -->
<testsuite ignored="1" hostname="DESKTOP-97E1U1K" failures="0" tests="2" name="Default test" time="56.393" errors="0" timestamp="2021-02-17T15:38:05 IST">
  <testcase classname="com.htc.Registration.RegisterLogin" name="testLoginPage_enterCredantials_shouldLoginSuccessful" time="7.317"/>
  <testcase classname="com.htc.Registration.RegisterLogin" name="testProceedCheckout_selectProductAndEnterDeliveryAddress_orderPlacedSuccessfully" time="34.103"/>
  <testcase classname="com.htc.Registration.RegisterLogin" name="testCreateAccount_fillMandatoryDetails_successfullyShouldCreateNewAcc" time="0.0">
    <ignored/>
  </testcase> <!-- testCreateAccount_fillMandatoryDetails_successfullyShouldCreateNewAcc -->
</testsuite> <!-- Default test -->
