<?xml version="1.0" encoding="UTF-8"?>
<testng-results ignored="1" total="3" passed="2" failed="0" skipped="0">
  <reporter-output>
  </reporter-output>
  <suite started-at="2021-02-17T15:37:09 IST" name="Default suite" finished-at="2021-02-17T15:38:05 IST" duration-ms="56393">
    <groups>
    </groups>
    <test started-at="2021-02-17T15:37:09 IST" name="Default test" finished-at="2021-02-17T15:38:05 IST" duration-ms="56393">
      <class name="com.htc.Registration.RegisterLogin">
        <test-method is-config="true" signature="setup()[pri:0, instance:com.htc.Registration.RegisterLogin@186f8716]" started-at="2021-02-17T15:37:09 IST" name="setup" finished-at="2021-02-17T15:37:24 IST" duration-ms="14781" status="PASS">
          <reporter-output>
          </reporter-output>
        </test-method> <!-- setup -->
        <test-method signature="testLoginPage_enterCredantials_shouldLoginSuccessful()[pri:0, instance:com.htc.Registration.RegisterLogin@186f8716]" started-at="2021-02-17T15:37:24 IST" name="testLoginPage_enterCredantials_shouldLoginSuccessful" finished-at="2021-02-17T15:37:31 IST" duration-ms="7317" status="PASS">
          <reporter-output>
          </reporter-output>
        </test-method> <!-- testLoginPage_enterCredantials_shouldLoginSuccessful -->
        <test-method signature="testProceedCheckout_selectProductAndEnterDeliveryAddress_orderPlacedSuccessfully()[pri:0, instance:com.htc.Registration.RegisterLogin@186f8716]" started-at="2021-02-17T15:37:31 IST" name="testProceedCheckout_selectProductAndEnterDeliveryAddress_orderPlacedSuccessfully" finished-at="2021-02-17T15:38:05 IST" duration-ms="34103" status="PASS">
          <reporter-output>
          </reporter-output>
        </test-method> <!-- testProceedCheckout_selectProductAndEnterDeliveryAddress_orderPlacedSuccessfully -->
        <test-method is-config="true" signature="tearDown()[pri:0, instance:com.htc.Registration.RegisterLogin@186f8716]" started-at="2021-02-17T15:38:05 IST" name="tearDown" finished-at="2021-02-17T15:38:05 IST" duration-ms="1" status="PASS">
          <reporter-output>
          </reporter-output>
        </test-method> <!-- tearDown -->
      </class> <!-- com.htc.Registration.RegisterLogin -->
    </test> <!-- Default test -->
  </suite> <!-- Default suite -->
</testng-results>
